Configuration on demand is an incubating feature.
Reusing configuration cache.
> Task :app:preBuild UP-TO-DATE
> Task :app:preDebugBuild UP-TO-DATE
> Task :app:checkKotlinGradlePluginConfigurationErrors
> Task :app:generateDebugResValues UP-TO-DATE
> Task :app:checkDebugAarMetadata UP-TO-DATE
> Task :app:mapDebugSourceSetPaths UP-TO-DATE
> Task :app:generateDebugResources UP-TO-DATE
> Task :app:createDebugCompatibleScreenManifests UP-TO-DATE
> Task :app:mergeDebugResources UP-TO-DATE
> Task :app:packageDebugResources UP-TO-DATE
> Task :app:extractDeepLinksDebug UP-TO-DATE
> Task :app:parseDebugLocalResources UP-TO-DATE
> Task :app:processDebugMainManifest UP-TO-DATE
> Task :app:processDebugManifest UP-TO-DATE
> Task :app:processDebugManifestForPackage UP-TO-DATE
> Task :app:processDebugResources UP-TO-DATE

> Task :app:kspDebugKotlin FAILED
e: [ksp] C:/App/MindFul/app/src/main/java/com/mindfulscrolling/app/ui/analytics/AnalyticsScreen.kt: (100, 15): Function declaration must have a name
e: Error occurred in KSP, check log for detail
e: file:///C:/App/MindFul/app/src/main/java/com/mindfulscrolling/app/ui/analytics/AnalyticsScreen.kt:98:21 Expecting a top level declaration
e: file:///C:/App/MindFul/app/src/main/java/com/mindfulscrolling/app/ui/analytics/AnalyticsScreen.kt:98:22 Expecting a top level declaration
e: file:///C:/App/MindFul/app/src/main/java/com/mindfulscrolling/app/ui/analytics/AnalyticsScreen.kt:98:32 Expecting a top level declaration
e: file:///C:/App/MindFul/app/src/main/java/com/mindfulscrolling/app/ui/analytics/AnalyticsScreen.kt:98:33 Expecting a top level declaration
e: file:///C:/App/MindFul/app/src/main/java/com/mindfulscrolling/app/ui/analytics/AnalyticsScreen.kt:98:38 Expecting a top level declaration
e: file:///C:/App/MindFul/app/src/main/java/com/mindfulscrolling/app/ui/analytics/AnalyticsScreen.kt:98:39 Expecting a top level declaration
e: file:///C:/App/MindFul/app/src/main/java/com/mindfulscrolling/app/ui/analytics/AnalyticsScreen.kt:98:49 Expecting a top level declaration
e: file:///C:/App/MindFul/app/src/main/java/com/mindfulscrolling/app/ui/analytics/AnalyticsScreen.kt:98:50 Expecting a top level declaration
e: file:///C:/App/MindFul/app/src/main/java/com/mindfulscrolling/app/ui/analytics/AnalyticsScreen.kt:98:51 Expecting a top level declaration
e: file:///C:/App/MindFul/app/src/main/java/com/mindfulscrolling/app/ui/analytics/AnalyticsScreen.kt:98:55 Expecting a top level declaration
e: file:///C:/App/MindFul/app/src/main/java/com/mindfulscrolling/app/ui/analytics/AnalyticsScreen.kt:98:56 Expecting a top level declaration
e: file:///C:/App/MindFul/app/src/main/java/com/mindfulscrolling/app/ui/analytics/AnalyticsScreen.kt:98:62 Expecting a top level declaration
e: file:///C:/App/MindFul/app/src/main/java/com/mindfulscrolling/app/ui/analytics/AnalyticsScreen.kt:98:64 Expecting a top level declaration
e: file:///C:/App/MindFul/app/src/main/java/com/mindfulscrolling/app/ui/analytics/AnalyticsScreen.kt:98:68 Expecting a top level declaration
e: file:///C:/App/MindFul/app/src/main/java/com/mindfulscrolling/app/ui/analytics/AnalyticsScreen.kt:98:69 Expecting a top level declaration
e: file:///C:/App/MindFul/app/src/main/java/com/mindfulscrolling/app/ui/analytics/AnalyticsScreen.kt:98:71 Expecting a top level declaration
e: file:///C:/App/MindFul/app/src/main/java/com/mindfulscrolling/app/ui/analytics/AnalyticsScreen.kt:98:82 Expecting a top level declaration
e: file:///C:/App/MindFul/app/src/main/java/com/mindfulscrolling/app/ui/analytics/AnalyticsScreen.kt:98:83 Expecting a top level declaration
e: file:///C:/App/MindFul/app/src/main/java/com/mindfulscrolling/app/ui/analytics/AnalyticsScreen.kt:99:17 Expecting a top level declaration
e: file:///C:/App/MindFul/app/src/main/java/com/mindfulscrolling/app/ui/analytics/AnalyticsScreen.kt:99:34 Expecting a top level declaration
e: file:///C:/App/MindFul/app/src/main/java/com/mindfulscrolling/app/ui/analytics/AnalyticsScreen.kt:99:36 Expecting a top level declaration
e: file:///C:/App/MindFul/app/src/main/java/com/mindfulscrolling/app/ui/analytics/AnalyticsScreen.kt:99:45 Expecting a top level declaration
e: file:///C:/App/MindFul/app/src/main/java/com/mindfulscrolling/app/ui/analytics/AnalyticsScreen.kt:99:46 Expecting a top level declaration
e: file:///C:/App/MindFul/app/src/main/java/com/mindfulscrolling/app/ui/analytics/AnalyticsScreen.kt:100:13 Expecting a top level declaration
e: file:///C:/App/MindFul/app/src/main/java/com/mindfulscrolling/app/ui/analytics/AnalyticsScreen.kt:100:15 Expecting a top level declaration
e: file:///C:/App/MindFul/app/src/main/java/com/mindfulscrolling/app/ui/analytics/AnalyticsScreen.kt:103:14 Expecting a top level declaration
e: file:///C:/App/MindFul/app/src/main/java/com/mindfulscrolling/app/ui/analytics/AnalyticsScreen.kt:103:20 Expecting a top level declaration
e: file:///C:/App/MindFul/app/src/main/java/com/mindfulscrolling/app/ui/analytics/AnalyticsScreen.kt:103:21 Expecting a top level declaration
e: file:///C:/App/MindFul/app/src/main/java/com/mindfulscrolling/app/ui/analytics/AnalyticsScreen.kt:103:30 Expecting a top level declaration
e: file:///C:/App/MindFul/app/src/main/java/com/mindfulscrolling/app/ui/analytics/AnalyticsScreen.kt:103:32 Expecting a top level declaration
e: file:///C:/App/MindFul/app/src/main/java/com/mindfulscrolling/app/ui/analytics/AnalyticsScreen.kt:103:40 Expecting a top level declaration
e: file:///C:/App/MindFul/app/src/main/java/com/mindfulscrolling/app/ui/analytics/AnalyticsScreen.kt:103:41 Expecting a top level declaration
e: file:///C:/App/MindFul/app/src/main/java/com/mindfulscrolling/app/ui/analytics/AnalyticsScreen.kt:103:46 Expecting a top level declaration
e: file:///C:/App/MindFul/app/src/main/java/com/mindfulscrolling/app/ui/analytics/AnalyticsScreen.kt:103:47 Expecting a top level declaration
e: file:///C:/App/MindFul/app/src/main/java/com/mindfulscrolling/app/ui/analytics/AnalyticsScreen.kt:103:48 Expecting a top level declaration
e: file:///C:/App/MindFul/app/src/main/java/com/mindfulscrolling/app/ui/analytics/AnalyticsScreen.kt:103:49 Expecting a top level declaration
e: file:///C:/App/MindFul/app/src/main/java/com/mindfulscrolling/app/ui/analytics/AnalyticsScreen.kt:103:51 Expecting a top level declaration
e: file:///C:/App/MindFul/app/src/main/java/com/mindfulscrolling/app/ui/analytics/AnalyticsScreen.kt:103:52 Expecting a top level declaration
e: file:///C:/App/MindFul/app/src/main/java/com/mindfulscrolling/app/ui/analytics/AnalyticsScreen.kt:104:13 Expecting a top level declaration
e: file:///C:/App/MindFul/app/src/main/java/com/mindfulscrolling/app/ui/analytics/AnalyticsScreen.kt:104:16 Expecting a top level declaration
e: file:///C:/App/MindFul/app/src/main/java/com/mindfulscrolling/app/ui/analytics/AnalyticsScreen.kt:105:17 Expecting a top level declaration
e: file:///C:/App/MindFul/app/src/main/java/com/mindfulscrolling/app/ui/analytics/AnalyticsScreen.kt:105:26 Expecting a top level declaration
e: file:///C:/App/MindFul/app/src/main/java/com/mindfulscrolling/app/ui/analytics/AnalyticsScreen.kt:105:28 Expecting a top level declaration
e: file:///C:/App/MindFul/app/src/main/java/com/mindfulscrolling/app/ui/analytics/AnalyticsScreen.kt:106:21 Expecting a top level declaration
e: file:///C:/App/MindFul/app/src/main/java/com/mindfulscrolling/app/ui/analytics/AnalyticsScreen.kt:106:22 Expecting a top level declaration
e: file:///C:/App/MindFul/app/src/main/java/com/mindfulscrolling/app/ui/analytics/AnalyticsScreen.kt:106:26 Expecting a top level declaration
e: file:///C:/App/MindFul/app/src/main/java/com/mindfulscrolling/app/ui/analytics/AnalyticsScreen.kt:106:27 Expecting a top level declaration
e: file:///C:/App/MindFul/app/src/main/java/com/mindfulscrolling/app/ui/analytics/AnalyticsScreen.kt:106:29 Expecting a top level declaration
e: file:///C:/App/MindFul/app/src/main/java/com/mindfulscrolling/app/ui/analytics/AnalyticsScreen.kt:106:30 Expecting a top level declaration
e: file:///C:/App/MindFul/app/src/main/java/com/mindfulscrolling/app/ui/analytics/AnalyticsScreen.kt:106:32 Expecting a top level declaration
e: file:///C:/App/MindFul/app/src/main/java/com/mindfulscrolling/app/ui/analytics/AnalyticsScreen.kt:107:21 Expecting a top level declaration
e: file:///C:/App/MindFul/app/src/main/java/com/mindfulscrolling/app/ui/analytics/AnalyticsScreen.kt:107:22 Expecting a top level declaration
e: file:///C:/App/MindFul/app/src/main/java/com/mindfulscrolling/app/ui/analytics/AnalyticsScreen.kt:107:32 Expecting a top level declaration
e: file:///C:/App/MindFul/app/src/main/java/com/mindfulscrolling/app/ui/analytics/AnalyticsScreen.kt:107:33 Expecting a top level declaration
e: file:///C:/App/MindFul/app/src/main/java/com/mindfulscrolling/app/ui/analytics/AnalyticsScreen.kt:107:38 Expecting a top level declaration
e: file:///C:/App/MindFul/app/src/main/java/com/mindfulscrolling/app/ui/analytics/AnalyticsScreen.kt:107:39 Expecting a top level declaration
e: file:///C:/App/MindFul/app/src/main/java/com/mindfulscrolling/app/ui/analytics/AnalyticsScreen.kt:107:49 Expecting a top level declaration
e: file:///C:/App/MindFul/app/src/main/java/com/mindfulscrolling/app/ui/analytics/AnalyticsScreen.kt:107:50 Expecting a top level declaration
e: file:///C:/App/MindFul/app/src/main/java/com/mindfulscrolling/app/ui/analytics/AnalyticsScreen.kt:107:51 Expecting a top level declaration
e: file:///C:/App/MindFul/app/src/main/java/com/mindfulscrolling/app/ui/analytics/AnalyticsScreen.kt:107:55 Expecting a top level declaration
e: file:///C:/App/MindFul/app/src/main/java/com/mindfulscrolling/app/ui/analytics/AnalyticsScreen.kt:107:56 Expecting a top level declaration
e: file:///C:/App/MindFul/app/src/main/java/com/mindfulscrolling/app/ui/analytics/AnalyticsScreen.kt:107:62 Expecting a top level declaration
e: file:///C:/App/MindFul/app/src/main/java/com/mindfulscrolling/app/ui/analytics/AnalyticsScreen.kt:107:64 Expecting a top level declaration
e: file:///C:/App/MindFul/app/src/main/java/com/mindfulscrolling/app/ui/analytics/AnalyticsScreen.kt:107:68 Expecting a top level declaration
e: file:///C:/App/MindFul/app/src/main/java/com/mindfulscrolling/app/ui/analytics/AnalyticsScreen.kt:107:69 Expecting a top level declaration
e: file:///C:/App/MindFul/app/src/main/java/com/mindfulscrolling/app/ui/analytics/AnalyticsScreen.kt:107:71 Expecting a top level declaration
e: file:///C:/App/MindFul/app/src/main/java/com/mindfulscrolling/app/ui/analytics/AnalyticsScreen.kt:107:82 Expecting a top level declaration
e: file:///C:/App/MindFul/app/src/main/java/com/mindfulscrolling/app/ui/analytics/AnalyticsScreen.kt:107:83 Expecting a top level declaration
e: file:///C:/App/MindFul/app/src/main/java/com/mindfulscrolling/app/ui/analytics/AnalyticsScreen.kt:108:17 Expecting a top level declaration
e: file:///C:/App/MindFul/app/src/main/java/com/mindfulscrolling/app/ui/analytics/AnalyticsScreen.kt:108:34 Expecting a top level declaration
e: file:///C:/App/MindFul/app/src/main/java/com/mindfulscrolling/app/ui/analytics/AnalyticsScreen.kt:108:36 Expecting a top level declaration
e: file:///C:/App/MindFul/app/src/main/java/com/mindfulscrolling/app/ui/analytics/AnalyticsScreen.kt:108:45 Expecting a top level declaration
e: file:///C:/App/MindFul/app/src/main/java/com/mindfulscrolling/app/ui/analytics/AnalyticsScreen.kt:108:46 Expecting a top level declaration
e: file:///C:/App/MindFul/app/src/main/java/com/mindfulscrolling/app/ui/analytics/AnalyticsScreen.kt:109:13 Expecting a top level declaration
e: file:///C:/App/MindFul/app/src/main/java/com/mindfulscrolling/app/ui/analytics/AnalyticsScreen.kt:109:15 Expecting a top level declaration
e: file:///C:/App/MindFul/app/src/main/java/com/mindfulscrolling/app/ui/analytics/AnalyticsScreen.kt:112:9 Expecting a top level declaration
e: file:///C:/App/MindFul/app/src/main/java/com/mindfulscrolling/app/ui/analytics/AnalyticsScreen.kt:113:5 Expecting a top level declaration
e: file:///C:/App/MindFul/app/src/main/java/com/mindfulscrolling/app/ui/analytics/AnalyticsScreen.kt:114:1 Expecting a top level declaration

FAILURE: Build failed with an exception.

* What went wrong:
Execution failed for task ':app:kspDebugKotlin'.
> A failure occurred while executing org.jetbrains.kotlin.compilerRunner.GradleCompilerRunnerWithWorkers$GradleKotlinCompilerWorkAction
   > Compilation error. See log for more details

* Try:
> Run with --stacktrace option to get the stack trace.
> Run with --info or --debug option to get more log output.
> Run with --scan to get full insights.
> Get more help at https://help.gradle.org.

BUILD FAILED in 4s
15 actionable tasks: 2 executed, 13 up-to-date
Configuration cache entry reused.
