
> Configure project :app
WARNING: The option setting 'android.suppressUnsupportedOptionWarnings=true' is experimental.

> Task :app:preBuild UP-TO-DATE
> Task :app:preDebugBuild UP-TO-DATE
> Task :app:mergeDebugNativeDebugMetadata NO-SOURCE
> Task :app:checkKotlinGradlePluginConfigurationErrors
> Task :app:checkDebugAarMetadata UP-TO-DATE
> Task :app:generateDebugResValues UP-TO-DATE
> Task :app:mapDebugSourceSetPaths UP-TO-DATE
> Task :app:generateDebugResources UP-TO-DATE
> Task :app:mergeDebugResources UP-TO-DATE
> Task :app:packageDebugResources UP-TO-DATE
> Task :app:parseDebugLocalResources UP-TO-DATE
> Task :app:createDebugCompatibleScreenManifests UP-TO-DATE
> Task :app:extractDeepLinksDebug UP-TO-DATE
> Task :app:processDebugMainManifest UP-TO-DATE
> Task :app:processDebugManifest UP-TO-DATE
> Task :app:processDebugManifestForPackage UP-TO-DATE
> Task :app:processDebugResources UP-TO-DATE
> Task :app:javaPreCompileDebug UP-TO-DATE
> Task :app:mergeDebugShaders UP-TO-DATE
> Task :app:compileDebugShaders NO-SOURCE
> Task :app:generateDebugAssets UP-TO-DATE
> Task :app:mergeDebugAssets UP-TO-DATE
> Task :app:compressDebugAssets UP-TO-DATE
> Task :app:checkDebugDuplicateClasses UP-TO-DATE
> Task :app:desugarDebugFileDependencies UP-TO-DATE
> Task :app:mergeExtDexDebug UP-TO-DATE
> Task :app:mergeLibDexDebug UP-TO-DATE
> Task :app:mergeDebugJniLibFolders UP-TO-DATE
> Task :app:mergeDebugNativeLibs NO-SOURCE
> Task :app:stripDebugDebugSymbols NO-SOURCE
> Task :app:validateSigningDebug UP-TO-DATE
> Task :app:writeDebugAppMetadata UP-TO-DATE
> Task :app:writeDebugSigningConfigVersions UP-TO-DATE
> Task :app:preReleaseBuild UP-TO-DATE
> Task :app:mergeReleaseJniLibFolders UP-TO-DATE
> Task :app:mergeReleaseNativeLibs NO-SOURCE
> Task :app:stripReleaseDebugSymbols NO-SOURCE
> Task :app:extractReleaseNativeSymbolTables NO-SOURCE
> Task :app:mergeReleaseNativeDebugMetadata NO-SOURCE
> Task :app:checkReleaseDuplicateClasses UP-TO-DATE
> Task :app:buildKotlinToolingMetadata UP-TO-DATE
> Task :app:checkReleaseAarMetadata UP-TO-DATE
> Task :app:generateReleaseResValues UP-TO-DATE
> Task :app:mapReleaseSourceSetPaths UP-TO-DATE
> Task :app:generateReleaseResources UP-TO-DATE
> Task :app:mergeReleaseResources UP-TO-DATE
> Task :app:packageReleaseResources UP-TO-DATE
> Task :app:parseReleaseLocalResources UP-TO-DATE
> Task :app:createReleaseCompatibleScreenManifests UP-TO-DATE
> Task :app:extractDeepLinksRelease UP-TO-DATE
> Task :app:processReleaseMainManifest UP-TO-DATE
> Task :app:processReleaseManifest UP-TO-DATE
> Task :app:processReleaseManifestForPackage UP-TO-DATE
> Task :app:processReleaseResources UP-TO-DATE
> Task :app:javaPreCompileRelease UP-TO-DATE
> Task :app:desugarReleaseFileDependencies UP-TO-DATE
> Task :app:mergeReleaseStartupProfile UP-TO-DATE
> Task :app:mergeExtDexRelease UP-TO-DATE
> Task :app:mergeReleaseArtProfile UP-TO-DATE
> Task :app:mergeReleaseShaders UP-TO-DATE
> Task :app:compileReleaseShaders NO-SOURCE
> Task :app:generateReleaseAssets UP-TO-DATE
> Task :app:mergeReleaseAssets UP-TO-DATE
> Task :app:compressReleaseAssets UP-TO-DATE
> Task :app:extractReleaseVersionControlInfo UP-TO-DATE
> Task :app:extractProguardFiles UP-TO-DATE
> Task :app:optimizeReleaseResources UP-TO-DATE
> Task :app:collectReleaseDependencies UP-TO-DATE
> Task :app:sdkReleaseDependencyData UP-TO-DATE
> Task :app:writeReleaseAppMetadata UP-TO-DATE
> Task :app:writeReleaseSigningConfigVersions UP-TO-DATE
> Task :app:preDebugAndroidTestBuild SKIPPED
> Task :app:generateDebugAndroidTestResValues UP-TO-DATE
> Task :app:preDebugUnitTestBuild UP-TO-DATE
> Task :app:javaPreCompileDebugUnitTest UP-TO-DATE
> Task :app:preReleaseUnitTestBuild UP-TO-DATE
> Task :app:javaPreCompileReleaseUnitTest UP-TO-DATE
> Task :app:kspDebugKotlin
> Task :app:kspReleaseKotlin

> Task :app:kspDebugKotlin
e: file:///C:/App/MindFul/app/src/main/java/com/mindfulscrolling/app/domain/repository/UsageRepository.kt:2:1 Expecting a top level declaration
e: file:///C:/App/MindFul/app/src/main/java/com/mindfulscrolling/app/domain/repository/UsageRepository.kt:2:9 Expecting a top level declaration
e: file:///C:/App/MindFul/app/src/main/java/com/mindfulscrolling/app/domain/repository/UsageRepository.kt:2:12 Expecting a top level declaration
e: file:///C:/App/MindFul/app/src/main/java/com/mindfulscrolling/app/domain/repository/UsageRepository.kt:2:13 Expecting a top level declaration
e: file:///C:/App/MindFul/app/src/main/java/com/mindfulscrolling/app/domain/repository/UsageRepository.kt:2:29 Expecting a top level declaration
e: file:///C:/App/MindFul/app/src/main/java/com/mindfulscrolling/app/domain/repository/UsageRepository.kt:2:30 Expecting a top level declaration
e: file:///C:/App/MindFul/app/src/main/java/com/mindfulscrolling/app/domain/repository/UsageRepository.kt:2:33 Expecting a top level declaration
e: file:///C:/App/MindFul/app/src/main/java/com/mindfulscrolling/app/domain/repository/UsageRepository.kt:2:34 Expecting a top level declaration
e: file:///C:/App/MindFul/app/src/main/java/com/mindfulscrolling/app/domain/repository/UsageRepository.kt:2:40 Expecting a top level declaration
e: file:///C:/App/MindFul/app/src/main/java/com/mindfulscrolling/app/domain/repository/UsageRepository.kt:2:41 Expecting a top level declaration
e: file:///C:/App/MindFul/app/src/main/java/com/mindfulscrolling/app/domain/repository/UsageRepository.kt:2:51 imports are only allowed in the beginning of file

> Task :app:kspReleaseKotlin
e: file:///C:/App/MindFul/app/src/main/java/com/mindfulscrolling/app/domain/repository/UsageRepository.kt:2:1 Expecting a top level declaration
e: file:///C:/App/MindFul/app/src/main/java/com/mindfulscrolling/app/domain/repository/UsageRepository.kt:2:9 Expecting a top level declaration
e: file:///C:/App/MindFul/app/src/main/java/com/mindfulscrolling/app/domain/repository/UsageRepository.kt:2:12 Expecting a top level declaration
e: file:///C:/App/MindFul/app/src/main/java/com/mindfulscrolling/app/domain/repository/UsageRepository.kt:2:13 Expecting a top level declaration
e: file:///C:/App/MindFul/app/src/main/java/com/mindfulscrolling/app/domain/repository/UsageRepository.kt:2:29 Expecting a top level declaration
e: file:///C:/App/MindFul/app/src/main/java/com/mindfulscrolling/app/domain/repository/UsageRepository.kt:2:30 Expecting a top level declaration
e: file:///C:/App/MindFul/app/src/main/java/com/mindfulscrolling/app/domain/repository/UsageRepository.kt:2:33 Expecting a top level declaration
e: file:///C:/App/MindFul/app/src/main/java/com/mindfulscrolling/app/domain/repository/UsageRepository.kt:2:34 Expecting a top level declaration
e: file:///C:/App/MindFul/app/src/main/java/com/mindfulscrolling/app/domain/repository/UsageRepository.kt:2:40 Expecting a top level declaration
e: file:///C:/App/MindFul/app/src/main/java/com/mindfulscrolling/app/domain/repository/UsageRepository.kt:2:41 Expecting a top level declaration
e: file:///C:/App/MindFul/app/src/main/java/com/mindfulscrolling/app/domain/repository/UsageRepository.kt:2:51 imports are only allowed in the beginning of file

> Task :app:kspDebugKotlin FAILED
> Task :app:kspReleaseKotlin FAILED

FAILURE: Build completed with 2 failures.

1: Task failed with an exception.
-----------
* What went wrong:
Execution failed for task ':app:kspDebugKotlin'.
> A failure occurred while executing org.jetbrains.kotlin.compilerRunner.GradleCompilerRunnerWithWorkers$GradleKotlinCompilerWorkAction
   > Compilation error. See log for more details

* Try:
> Run with --stacktrace option to get the stack trace.
> Run with --info or --debug option to get more log output.
> Run with --scan to get full insights.
> Get more help at https://help.gradle.org.
==============================================================================

2: Task failed with an exception.
-----------
* What went wrong:
Execution failed for task ':app:kspReleaseKotlin'.
> A failure occurred while executing org.jetbrains.kotlin.compilerRunner.GradleCompilerRunnerWithWorkers$GradleKotlinCompilerWorkAction
   > Compilation error. See log for more details

* Try:
> Run with --stacktrace option to get the stack trace.
> Run with --info or --debug option to get more log output.
> Run with --scan to get full insights.
> Get more help at https://help.gradle.org.
==============================================================================

BUILD FAILED in 1m 30s
62 actionable tasks: 3 executed, 59 up-to-date
